<?xml version="1.0" encoding="UTF-8"?>
<!-- Generated by org.testng.reporters.JUnitReportReporter -->
<testsuite hostname="MacBook-Pro-Darya.local" name="OnlinerAutomationTest" tests="5" failures="0" timestamp="26 Dec 2015 14:47:21 GMT" time="122.370" errors="0">
  <testcase name="oneCanAddAd" time="39.383" classname="OnlinerAutomationTest"/>
  <testcase name="oneCanLoginOnliner" time="19.719" classname="OnlinerAutomationTest"/>
  <testcase name="oneCanSearch" time="18.135" classname="OnlinerAutomationTest"/>
  <testcase name="oneCanSendMessage" time="27.248" classname="OnlinerAutomationTest"/>
  <testcase name="oneCanExchangeOperation" time="17.885" classname="OnlinerAutomationTest"/>
</testsuite> <!-- OnlinerAutomationTest -->
