<?xml version="1.0" encoding="UTF-8"?>
<!-- Generated by org.testng.reporters.JUnitReportReporter -->
<testsuite hostname="mbp-darya.eduroam.bsu" name="OnlinerAutomationTest" tests="4" failures="0" timestamp="21 Dec 2015 15:30:09 GMT" time="71.478" errors="0">
  <testcase name="oneCanSearch" time="14.077" classname="OnlinerAutomationTest"/>
  <testcase name="oneCanExchangeOperation" time="17.458" classname="OnlinerAutomationTest"/>
  <testcase name="oneCanAddAd" time="21.541" classname="OnlinerAutomationTest"/>
  <testcase name="oneCanSendMessage" time="18.402" classname="OnlinerAutomationTest"/>
</testsuite> <!-- OnlinerAutomationTest -->
