<?xml version="1.0" encoding="UTF-8"?>
<!-- Generated by org.testng.reporters.JUnitReportReporter -->
<testsuite hostname="MacBook-Pro-Darya.local" name="OnlinerAutomationTest" tests="4" failures="0" timestamp="25 Dec 2015 13:11:10 GMT" time="94.904" errors="0">
  <testcase name="oneCanAddAd" time="32.001" classname="OnlinerAutomationTest"/>
  <testcase name="oneCanExchangeOperation" time="20.545" classname="OnlinerAutomationTest"/>
  <testcase name="oneCanSendMessage" time="24.264" classname="OnlinerAutomationTest"/>
  <testcase name="oneCanSearch" time="18.094" classname="OnlinerAutomationTest"/>
</testsuite> <!-- OnlinerAutomationTest -->
